{"/Users/drew/Projects/slackdeletron/client/index.js": {"path":"/Users/drew/Projects/slackdeletron/client/index.js","statementMap":{"0":{"start":{"line":1,"column":0},"end":{"line":null,"column":-1}},"1":{"start":{"line":2,"column":0},"end":{"line":null,"column":-1}},"2":{"start":{"line":3,"column":0},"end":{"line":null,"column":-1}},"3":{"start":{"line":6,"column":0},"end":{"line":null,"column":-1}},"4":{"start":{"line":4,"column":13},"end":{"line":4,"column":0}},"5":{"start":{"line":8,"column":0},"end":{"line":10,"column":1}},"6":{"start":{"line":9,"column":2},"end":{"line":null,"column":-1}},"7":{"start":{"line":12,"column":0},"end":{"line":null,"column":-1}},"8":{"start":{"line":14,"column":0},"end":{"line":16,"column":1}},"9":{"start":{"line":15,"column":2},"end":{"line":null,"column":-1}}},"fnMap":{},"branchMap":{"0":{"loc":{"start":{"line":8,"column":0},"end":{"line":10,"column":1}},"type":"if","locations":[{"start":{"line":8,"column":0},"end":{"line":10,"column":1}},{"start":{"line":8,"column":0},"end":{"line":10,"column":1}}]},"1":{"loc":{"start":{"line":14,"column":0},"end":{"line":16,"column":1}},"type":"if","locations":[{"start":{"line":14,"column":0},"end":{"line":16,"column":1}},{"start":{"line":14,"column":0},"end":{"line":16,"column":1}}]}},"s":{"0":0,"1":0,"2":0,"3":0,"4":0,"5":0,"6":0,"7":0,"8":0,"9":0},"f":{},"b":{"0":[0,0],"1":[0,0]}}
,"/Users/drew/Projects/slackdeletron/client/scripts/Main.js": {"path":"/Users/drew/Projects/slackdeletron/client/scripts/Main.js","statementMap":{"0":{"start":{"line":1,"column":0},"end":{"line":null,"column":-1}},"1":{"start":{"line":2,"column":0},"end":{"line":null,"column":-1}},"2":{"start":{"line":4,"column":0},"end":{"line":null,"column":-1}},"3":{"start":{"line":5,"column":0},"end":{"line":null,"column":-1}},"4":{"start":{"line":6,"column":0},"end":{"line":null,"column":-1}},"5":{"start":{"line":8,"column":0},"end":{"line":null,"column":-1}},"6":{"start":{"line":23,"column":22},"end":{"line":null,"column":-1}},"7":{"start":{"line":28,"column":16},"end":{"line":null,"column":-1}},"8":{"start":{"line":30,"column":12},"end":{"line":28,"column":16}},"9":{"start":{"line":38,"column":6},"end":{"line":null,"column":-1}},"10":{"start":{"line":47,"column":16},"end":{"line":null,"column":-1}},"11":{"start":{"line":49,"column":12},"end":{"line":47,"column":16}},"12":{"start":{"line":51,"column":6},"end":{"line":64,"column":7}},"13":{"start":{"line":52,"column":8},"end":{"line":null,"column":-1}},"14":{"start":{"line":59,"column":8},"end":{"line":null,"column":-1}},"15":{"start":{"line":66,"column":6},"end":{"line":null,"column":-1}},"16":{"start":{"line":75,"column":4},"end":{"line":null,"column":-1}}},"fnMap":{"0":{"name":"_callee$","decl":{"start":{"line":23,"column":22},"end":{"line":null,"column":-1}},"loc":{"start":{"line":23,"column":22},"end":{"line":null,"column":-1}}},"1":{"name":"_callee2$","decl":{"start":{"line":28,"column":16},"end":{"line":null,"column":-1}},"loc":{"start":{"line":28,"column":16},"end":{"line":null,"column":-1}}},"2":{"name":"_callee3$","decl":{"start":{"line":47,"column":16},"end":{"line":null,"column":-1}},"loc":{"start":{"line":47,"column":16},"end":{"line":null,"column":-1}}}},"branchMap":{"0":{"loc":{"start":{"line":23,"column":22},"end":{"line":null,"column":-1}},"type":"switch","locations":[{"start":{"line":23,"column":22},"end":{"line":null,"column":-1}},{"start":{"line":23,"column":22},"end":{"line":null,"column":-1}},{"start":{"line":23,"column":22},"end":{"line":null,"column":-1}},{"start":{"line":23,"column":22},"end":{"line":null,"column":-1}}]},"1":{"loc":{"start":{"line":28,"column":16},"end":{"line":null,"column":-1}},"type":"switch","locations":[{"start":{"line":28,"column":16},"end":{"line":null,"column":-1}},{"start":{"line":28,"column":16},"end":{"line":38,"column":6}},{"start":{"line":28,"column":16},"end":{"line":null,"column":-1}},{"start":{"line":28,"column":16},"end":{"line":null,"column":-1}}]},"2":{"loc":{"start":{"line":28,"column":16},"end":{"line":null,"column":-1}},"type":"if","locations":[{"start":{"line":28,"column":16},"end":{"line":null,"column":-1}},{"start":{"line":28,"column":16},"end":{"line":null,"column":-1}}]},"3":{"loc":{"start":{"line":47,"column":16},"end":{"line":null,"column":-1}},"type":"switch","locations":[{"start":{"line":47,"column":16},"end":{"line":null,"column":-1}},{"start":{"line":47,"column":16},"end":{"line":null,"column":-1}},{"start":{"line":47,"column":16},"end":{"line":66,"column":6}},{"start":{"line":47,"column":16},"end":{"line":null,"column":-1}},{"start":{"line":47,"column":16},"end":{"line":null,"column":-1}}]},"4":{"loc":{"start":{"line":51,"column":6},"end":{"line":64,"column":7}},"type":"if","locations":[{"start":{"line":51,"column":6},"end":{"line":64,"column":7}},{"start":{"line":51,"column":6},"end":{"line":64,"column":7}}]}},"s":{"0":0,"1":0,"2":0,"3":0,"4":0,"5":0,"6":0,"7":0,"8":0,"9":0,"10":0,"11":0,"12":0,"13":0,"14":0,"15":0,"16":0},"f":{"0":0,"1":0,"2":0},"b":{"0":[0,0,0,0],"1":[0,0,0,0],"2":[0,0],"3":[0,0,0,0,0],"4":[0,0]}}
,"/Users/drew/Projects/slackdeletron/client/scripts/style.js": {"path":"/Users/drew/Projects/slackdeletron/client/scripts/style.js","statementMap":{"0":{"start":{"line":5,"column":2},"end":{"line":5,"column":148}},"1":{"start":{"line":6,"column":23},"end":{"line":6,"column":29}},"2":{"start":{"line":8,"column":21},"end":{"line":8,"column":30}},"3":{"start":{"line":9,"column":26},"end":{"line":9,"column":35}},"4":{"start":{"line":10,"column":21},"end":{"line":10,"column":27}},"5":{"start":{"line":11,"column":20},"end":{"line":11,"column":29}},"6":{"start":{"line":12,"column":20},"end":{"line":12,"column":29}},"7":{"start":{"line":13,"column":22},"end":{"line":13,"column":31}},"8":{"start":{"line":15,"column":26},"end":{"line":15,"column":57}}},"fnMap":{},"branchMap":{},"s":{"0":2,"1":2,"2":2,"3":2,"4":2,"5":2,"6":2,"7":2,"8":2},"f":{},"b":{},"_coverageSchema":"332fd63041d2c1bcb487cc26dd0d5f7d97098a6c","hash":"43581c48bd3922f7b7c1ba24ca550194aff404c2"}
,"/Users/drew/Projects/slackdeletron/client/scripts/Components/Button.js": {"path":"/Users/drew/Projects/slackdeletron/client/scripts/Components/Button.js","statementMap":{"0":{"start":{"line":7,"column":17},"end":{"line":16,"column":1}},"1":{"start":{"line":14,"column":27},"end":{"line":14,"column":56}},"2":{"start":{"line":15,"column":23},"end":{"line":15,"column":56}},"3":{"start":{"line":17,"column":19},"end":{"line":26,"column":1}},"4":{"start":{"line":24,"column":27},"end":{"line":24,"column":56}},"5":{"start":{"line":25,"column":23},"end":{"line":25,"column":56}},"6":{"start":{"line":28,"column":15},"end":{"line":49,"column":1}},"7":{"start":{"line":36,"column":2},"end":{"line":42,"column":3}},"8":{"start":{"line":37,"column":4},"end":{"line":41,"column":6}},"9":{"start":{"line":44,"column":2},"end":{"line":48,"column":4}},"10":{"start":{"line":51,"column":0},"end":{"line":58,"column":2}}},"fnMap":{"0":{"name":"(anonymous_0)","decl":{"start":{"line":14,"column":15},"end":{"line":14,"column":16}},"loc":{"start":{"line":14,"column":27},"end":{"line":14,"column":56}},"line":14},"1":{"name":"(anonymous_1)","decl":{"start":{"line":15,"column":11},"end":{"line":15,"column":12}},"loc":{"start":{"line":15,"column":23},"end":{"line":15,"column":56}},"line":15},"2":{"name":"(anonymous_2)","decl":{"start":{"line":24,"column":15},"end":{"line":24,"column":16}},"loc":{"start":{"line":24,"column":27},"end":{"line":24,"column":56}},"line":24},"3":{"name":"(anonymous_3)","decl":{"start":{"line":25,"column":11},"end":{"line":25,"column":12}},"loc":{"start":{"line":25,"column":23},"end":{"line":25,"column":56}},"line":25},"4":{"name":"(anonymous_4)","decl":{"start":{"line":28,"column":15},"end":{"line":28,"column":16}},"loc":{"start":{"line":35,"column":6},"end":{"line":49,"column":1}},"line":35},"5":{"name":"(anonymous_5)","decl":{"start":{"line":30,"column":12},"end":{"line":30,"column":13}},"loc":{"start":{"line":30,"column":18},"end":{"line":30,"column":20}},"line":30}},"branchMap":{"0":{"loc":{"start":{"line":14,"column":27},"end":{"line":14,"column":56}},"type":"cond-expr","locations":[{"start":{"line":14,"column":41},"end":{"line":14,"column":47}},{"start":{"line":14,"column":50},"end":{"line":14,"column":56}}],"line":14},"1":{"loc":{"start":{"line":15,"column":23},"end":{"line":15,"column":56}},"type":"cond-expr","locations":[{"start":{"line":15,"column":41},"end":{"line":15,"column":47}},{"start":{"line":15,"column":50},"end":{"line":15,"column":56}}],"line":15},"2":{"loc":{"start":{"line":24,"column":27},"end":{"line":24,"column":56}},"type":"cond-expr","locations":[{"start":{"line":24,"column":41},"end":{"line":24,"column":47}},{"start":{"line":24,"column":50},"end":{"line":24,"column":56}}],"line":24},"3":{"loc":{"start":{"line":25,"column":23},"end":{"line":25,"column":56}},"type":"cond-expr","locations":[{"start":{"line":25,"column":41},"end":{"line":25,"column":47}},{"start":{"line":25,"column":50},"end":{"line":25,"column":56}}],"line":25},"4":{"loc":{"start":{"line":29,"column":2},"end":{"line":29,"column":11}},"type":"default-arg","locations":[{"start":{"line":29,"column":9},"end":{"line":29,"column":11}}],"line":29},"5":{"loc":{"start":{"line":30,"column":2},"end":{"line":30,"column":20}},"type":"default-arg","locations":[{"start":{"line":30,"column":12},"end":{"line":30,"column":20}}],"line":30},"6":{"loc":{"start":{"line":31,"column":2},"end":{"line":31,"column":16}},"type":"default-arg","locations":[{"start":{"line":31,"column":11},"end":{"line":31,"column":16}}],"line":31},"7":{"loc":{"start":{"line":32,"column":2},"end":{"line":32,"column":11}},"type":"default-arg","locations":[{"start":{"line":32,"column":9},"end":{"line":32,"column":11}}],"line":32},"8":{"loc":{"start":{"line":33,"column":2},"end":{"line":33,"column":15}},"type":"default-arg","locations":[{"start":{"line":33,"column":10},"end":{"line":33,"column":15}}],"line":33},"9":{"loc":{"start":{"line":34,"column":2},"end":{"line":34,"column":19}},"type":"default-arg","locations":[{"start":{"line":34,"column":14},"end":{"line":34,"column":19}}],"line":34},"10":{"loc":{"start":{"line":36,"column":2},"end":{"line":42,"column":3}},"type":"if","locations":[{"start":{"line":36,"column":2},"end":{"line":42,"column":3}},{"start":{"line":36,"column":2},"end":{"line":42,"column":3}}],"line":36},"11":{"loc":{"start":{"line":36,"column":6},"end":{"line":36,"column":20}},"type":"binary-expr","locations":[{"start":{"line":36,"column":6},"end":{"line":36,"column":12}},{"start":{"line":36,"column":16},"end":{"line":36,"column":20}}],"line":36}},"s":{"0":2,"1":3,"2":3,"3":2,"4":5,"5":5,"6":2,"7":9,"8":5,"9":4,"10":2},"f":{"0":3,"1":3,"2":5,"3":5,"4":9,"5":0},"b":{"0":[0,3],"1":[0,3],"2":[0,5],"3":[0,5],"4":[1],"5":[9],"6":[3],"7":[4],"8":[9],"9":[9],"10":[5,4],"11":[9,6]},"_coverageSchema":"332fd63041d2c1bcb487cc26dd0d5f7d97098a6c","hash":"13f6add25a284486b889664f275092eef210fb77"}
,"/Users/drew/Projects/slackdeletron/client/scripts/Components/Checkbox.js": {"path":"/Users/drew/Projects/slackdeletron/client/scripts/Components/Checkbox.js","statementMap":{"0":{"start":{"line":1,"column":0},"end":{"line":null,"column":-1}},"1":{"start":{"line":2,"column":0},"end":{"line":null,"column":-1}},"2":{"start":{"line":3,"column":0},"end":{"line":null,"column":-1}},"3":{"start":{"line":5,"column":20},"end":{"line":5,"column":0}},"4":{"start":{"line":6,"column":22},"end":{"line":6,"column":0}},"5":{"start":{"line":7,"column":22},"end":{"line":7,"column":0}},"6":{"start":{"line":9,"column":17},"end":{"line":9,"column":0}},"7":{"start":{"line":14,"column":6},"end":{"line":14,"column":5}},"8":{"start":{"line":14,"column":6},"end":{"line":null,"column":-1}},"9":{"start":{"line":15,"column":2},"end":{"line":null,"column":-1}},"10":{"start":{"line":31,"column":0},"end":{"line":null,"column":-1}}},"fnMap":{"0":{"name":"Checkbox","decl":{"start":{"line":9,"column":6},"end":{"line":9,"column":17}},"loc":{"start":{"line":14,"column":6},"end":{"line":9,"column":0}}},"1":{"name":"(anonymous_2)","decl":{"start":{"line":12,"column":13},"end":{"line":12,"column":18}},"loc":{"start":{"line":12,"column":19},"end":{"line":14,"column":6}}}},"branchMap":{"0":{"loc":{"start":{"line":10,"column":10},"end":{"line":14,"column":6}},"type":"cond-expr","locations":[{"start":{"line":10,"column":10},"end":{"line":14,"column":6}},{"start":{"line":14,"column":6},"end":{"line":null,"column":-1}}]},"1":{"loc":{"start":{"line":11,"column":12},"end":{"line":14,"column":6}},"type":"cond-expr","locations":[{"start":{"line":11,"column":12},"end":{"line":14,"column":6}},{"start":{"line":14,"column":6},"end":{"line":null,"column":-1}}]},"2":{"loc":{"start":{"line":12,"column":13},"end":{"line":14,"column":6}},"type":"cond-expr","locations":[{"start":{"line":12,"column":13},"end":{"line":14,"column":6}},{"start":{"line":14,"column":6},"end":{"line":null,"column":-1}}]},"3":{"loc":{"start":{"line":13,"column":10},"end":{"line":14,"column":6}},"type":"cond-expr","locations":[{"start":{"line":13,"column":10},"end":{"line":14,"column":6}},{"start":{"line":14,"column":6},"end":{"line":null,"column":-1}}]}},"s":{"0":0,"1":0,"2":0,"3":0,"4":0,"5":0,"6":0,"7":0,"8":0,"9":0,"10":0},"f":{"0":0,"1":0},"b":{"0":[0,0],"1":[0,0],"2":[0,0],"3":[0,0]}}
,"/Users/drew/Projects/slackdeletron/client/scripts/Components/Count.js": {"path":"/Users/drew/Projects/slackdeletron/client/scripts/Components/Count.js","statementMap":{"0":{"start":{"line":1,"column":0},"end":{"line":null,"column":-1}},"1":{"start":{"line":2,"column":0},"end":{"line":null,"column":-1}},"2":{"start":{"line":4,"column":0},"end":{"line":null,"column":-1}},"3":{"start":{"line":6,"column":14},"end":{"line":6,"column":0}},"4":{"start":{"line":6,"column":28},"end":{"line":6,"column":27}},"5":{"start":{"line":7,"column":17},"end":{"line":7,"column":2}},"6":{"start":{"line":8,"column":19},"end":{"line":8,"column":2}},"7":{"start":{"line":9,"column":4},"end":{"line":null,"column":-1}},"8":{"start":{"line":11,"column":2},"end":{"line":null,"column":-1}},"9":{"start":{"line":19,"column":0},"end":{"line":null,"column":-1}}},"fnMap":{"0":{"name":"Count","decl":{"start":{"line":6,"column":6},"end":{"line":6,"column":14}},"loc":{"start":{"line":6,"column":28},"end":{"line":6,"column":0}}},"1":{"name":"(anonymous_2)","decl":{"start":{"line":8,"column":31},"end":{"line":8,"column":31}},"loc":{"start":{"line":8,"column":48},"end":{"line":8,"column":19}}}},"branchMap":{},"s":{"0":0,"1":0,"2":0,"3":0,"4":0,"5":0,"6":0,"7":0,"8":0,"9":0},"f":{"0":0,"1":0},"b":{}}
,"/Users/drew/Projects/slackdeletron/client/scripts/Components/DateFields.js": {"path":"/Users/drew/Projects/slackdeletron/client/scripts/Components/DateFields.js","statementMap":{"0":{"start":{"line":1,"column":0},"end":{"line":null,"column":-1}},"1":{"start":{"line":2,"column":0},"end":{"line":null,"column":-1}},"2":{"start":{"line":3,"column":0},"end":{"line":null,"column":-1}},"3":{"start":{"line":4,"column":0},"end":{"line":null,"column":-1}},"4":{"start":{"line":6,"column":0},"end":{"line":null,"column":-1}},"5":{"start":{"line":8,"column":0},"end":{"line":null,"column":-1}},"6":{"start":{"line":10,"column":21},"end":{"line":10,"column":0}},"7":{"start":{"line":11,"column":2},"end":{"line":13,"column":3}},"8":{"start":{"line":12,"column":4},"end":{"line":null,"column":-1}},"9":{"start":{"line":14,"column":2},"end":{"line":null,"column":-1}},"10":{"start":{"line":24,"column":21},"end":{"line":null,"column":-1}},"11":{"start":{"line":33,"column":4},"end":{"line":null,"column":-1}},"12":{"start":{"line":27,"column":4},"end":{"line":null,"column":-1}},"13":{"start":{"line":37,"column":45},"end":{"line":36,"column":11}},"14":{"start":{"line":36,"column":11},"end":{"line":36,"column":10}},"15":{"start":{"line":38,"column":4},"end":{"line":null,"column":-1}}},"fnMap":{"0":{"name":"isAfterToday","decl":{"start":{"line":10,"column":6},"end":{"line":10,"column":21}},"loc":{"start":{"line":10,"column":30},"end":{"line":10,"column":0}}},"1":{"name":"DateFields","decl":{"start":{"line":24,"column":2},"end":{"line":24,"column":13}},"loc":{"start":{"line":24,"column":21},"end":{"line":30,"column":3}}},"2":{"name":"(anonymous_4)","decl":{"start":{"line":32,"column":18},"end":{"line":32,"column":18}},"loc":{"start":{"line":32,"column":36},"end":{"line":24,"column":21}}}},"branchMap":{"0":{"loc":{"start":{"line":11,"column":2},"end":{"line":13,"column":3}},"type":"if","locations":[{"start":{"line":11,"column":2},"end":{"line":13,"column":3}},{"start":{"line":11,"column":2},"end":{"line":13,"column":3}}]},"1":{"loc":{"start":{"line":24,"column":21},"end":{"line":25,"column":9}},"type":"binary-expr","locations":[{"start":{"line":24,"column":21},"end":{"line":25,"column":9}},{"start":{"line":24,"column":21},"end":{"line":25,"column":9}}]}},"s":{"0":0,"1":0,"2":0,"3":0,"4":0,"5":0,"6":0,"7":0,"8":0,"9":0,"10":0,"11":0,"12":0,"13":0,"14":0,"15":0},"f":{"0":0,"1":0,"2":0},"b":{"0":[0,0],"1":[0,0]}}
,"/Users/drew/Projects/slackdeletron/client/scripts/Components/File.js": {"path":"/Users/drew/Projects/slackdeletron/client/scripts/Components/File.js","statementMap":{"0":{"start":{"line":1,"column":0},"end":{"line":null,"column":-1}},"1":{"start":{"line":2,"column":0},"end":{"line":null,"column":-1}},"2":{"start":{"line":3,"column":0},"end":{"line":null,"column":-1}},"3":{"start":{"line":4,"column":0},"end":{"line":null,"column":-1}},"4":{"start":{"line":6,"column":0},"end":{"line":null,"column":-1}},"5":{"start":{"line":7,"column":0},"end":{"line":null,"column":-1}},"6":{"start":{"line":10,"column":14},"end":{"line":10,"column":2}},"7":{"start":{"line":12,"column":2},"end":{"line":null,"column":-1}},"8":{"start":{"line":14,"column":6},"end":{"line":null,"column":-1}},"9":{"start":{"line":15,"column":6},"end":{"line":null,"column":-1}},"10":{"start":{"line":17,"column":6},"end":{"line":null,"column":-1}},"11":{"start":{"line":18,"column":6},"end":{"line":null,"column":-1}},"12":{"start":{"line":20,"column":6},"end":{"line":null,"column":-1}},"13":{"start":{"line":21,"column":6},"end":{"line":null,"column":-1}},"14":{"start":{"line":24,"column":2},"end":{"line":null,"column":-1}},"15":{"start":{"line":27,"column":13},"end":{"line":27,"column":0}},"16":{"start":{"line":27,"column":42},"end":{"line":27,"column":41}},"17":{"start":{"line":28,"column":15},"end":{"line":28,"column":2}},"18":{"start":{"line":29,"column":2},"end":{"line":null,"column":-1}},"19":{"start":{"line":43,"column":12},"end":{"line":null,"column":-1}},"20":{"start":{"line":51,"column":0},"end":{"line":null,"column":-1}}},"fnMap":{"0":{"name":"renderImage","decl":{"start":{"line":9,"column":9},"end":{"line":9,"column":0}},"loc":{"start":{"line":9,"column":27},"end":{"line":25,"column":1}}},"1":{"name":"File","decl":{"start":{"line":27,"column":6},"end":{"line":27,"column":13}},"loc":{"start":{"line":27,"column":42},"end":{"line":27,"column":0}}},"2":{"name":"onClick","decl":{"start":{"line":42,"column":19},"end":{"line":42,"column":24}},"loc":{"start":{"line":42,"column":25},"end":{"line":44,"column":11}}}},"branchMap":{"0":{"loc":{"start":{"line":13,"column":4},"end":{"line":15,"column":6}},"type":"switch","locations":[{"start":{"line":13,"column":4},"end":{"line":15,"column":6}},{"start":{"line":16,"column":4},"end":{"line":18,"column":6}},{"start":{"line":19,"column":4},"end":{"line":21,"column":6}}]}},"s":{"0":0,"1":0,"2":0,"3":0,"4":0,"5":0,"6":0,"7":0,"8":0,"9":0,"10":0,"11":0,"12":0,"13":0,"14":0,"15":0,"16":0,"17":0,"18":0,"19":0,"20":0},"f":{"0":0,"1":0,"2":0},"b":{"0":[0,0,0]}}
,"/Users/drew/Projects/slackdeletron/client/scripts/Components/Header.js": {"path":"/Users/drew/Projects/slackdeletron/client/scripts/Components/Header.js","statementMap":{"0":{"start":{"line":10,"column":19},"end":{"line":21,"column":1}},"1":{"start":{"line":23,"column":18},"end":{"line":27,"column":1}},"2":{"start":{"line":29,"column":21},"end":{"line":34,"column":1}},"3":{"start":{"line":36,"column":19},"end":{"line":38,"column":1}},"4":{"start":{"line":40,"column":15},"end":{"line":71,"column":1}},"5":{"start":{"line":41,"column":15},"end":{"line":41,"column":19}},"6":{"start":{"line":43,"column":2},"end":{"line":57,"column":3}},"7":{"start":{"line":44,"column":4},"end":{"line":50,"column":6}},"8":{"start":{"line":52,"column":4},"end":{"line":56,"column":6}},"9":{"start":{"line":59,"column":2},"end":{"line":70,"column":4}},"10":{"start":{"line":73,"column":0},"end":{"line":77,"column":2}}},"fnMap":{"0":{"name":"(anonymous_0)","decl":{"start":{"line":40,"column":15},"end":{"line":40,"column":16}},"loc":{"start":{"line":40,"column":67},"end":{"line":71,"column":1}},"line":40}},"branchMap":{"0":{"loc":{"start":{"line":40,"column":18},"end":{"line":40,"column":36}},"type":"default-arg","locations":[{"start":{"line":40,"column":31},"end":{"line":40,"column":36}}],"line":40},"1":{"loc":{"start":{"line":40,"column":38},"end":{"line":40,"column":47}},"type":"default-arg","locations":[{"start":{"line":40,"column":45},"end":{"line":40,"column":47}}],"line":40},"2":{"loc":{"start":{"line":40,"column":49},"end":{"line":40,"column":60}},"type":"default-arg","locations":[{"start":{"line":40,"column":58},"end":{"line":40,"column":60}}],"line":40},"3":{"loc":{"start":{"line":43,"column":2},"end":{"line":57,"column":3}},"type":"if","locations":[{"start":{"line":43,"column":2},"end":{"line":57,"column":3}},{"start":{"line":43,"column":2},"end":{"line":57,"column":3}}],"line":43},"4":{"loc":{"start":{"line":43,"column":6},"end":{"line":43,"column":34}},"type":"binary-expr","locations":[{"start":{"line":43,"column":6},"end":{"line":43,"column":16}},{"start":{"line":43,"column":20},"end":{"line":43,"column":24}},{"start":{"line":43,"column":28},"end":{"line":43,"column":34}}],"line":43}},"s":{"0":1,"1":1,"2":1,"3":1,"4":1,"5":5,"6":5,"7":1,"8":4,"9":5,"10":1},"f":{"0":5},"b":{"0":[3],"1":[3],"2":[3],"3":[1,4],"4":[5,2,1]},"_coverageSchema":"332fd63041d2c1bcb487cc26dd0d5f7d97098a6c","hash":"7fcdbf48bb257a9a79aa2073abd4752bbb29b239"}
,"/Users/drew/Projects/slackdeletron/client/scripts/Components/Select.js": {"path":"/Users/drew/Projects/slackdeletron/client/scripts/Components/Select.js","statementMap":{"0":{"start":{"line":1,"column":0},"end":{"line":null,"column":-1}},"1":{"start":{"line":2,"column":0},"end":{"line":null,"column":-1}},"2":{"start":{"line":3,"column":0},"end":{"line":null,"column":-1}},"3":{"start":{"line":5,"column":18},"end":{"line":5,"column":0}},"4":{"start":{"line":6,"column":20},"end":{"line":6,"column":0}},"5":{"start":{"line":7,"column":17},"end":{"line":7,"column":0}},"6":{"start":{"line":9,"column":15},"end":{"line":9,"column":0}},"7":{"start":{"line":16,"column":6},"end":{"line":16,"column":5}},"8":{"start":{"line":16,"column":6},"end":{"line":null,"column":-1}},"9":{"start":{"line":17,"column":17},"end":{"line":17,"column":2}},"10":{"start":{"line":19,"column":2},"end":{"line":21,"column":3}},"11":{"start":{"line":20,"column":4},"end":{"line":null,"column":-1}},"12":{"start":{"line":23,"column":6},"end":{"line":23,"column":2}},"13":{"start":{"line":25,"column":2},"end":{"line":null,"column":-1}},"14":{"start":{"line":29,"column":26},"end":{"line":null,"column":-1}},"15":{"start":{"line":39,"column":0},"end":{"line":null,"column":-1}}},"fnMap":{"0":{"name":"Select","decl":{"start":{"line":9,"column":6},"end":{"line":9,"column":15}},"loc":{"start":{"line":16,"column":6},"end":{"line":9,"column":0}}},"1":{"name":"(anonymous_2)","decl":{"start":{"line":14,"column":13},"end":{"line":14,"column":18}},"loc":{"start":{"line":14,"column":19},"end":{"line":16,"column":6}}},"2":{"name":"(anonymous_3)","decl":{"start":{"line":29,"column":26},"end":{"line":29,"column":26}},"loc":{"start":{"line":29,"column":26},"end":{"line":29,"column":9}}}},"branchMap":{"0":{"loc":{"start":{"line":10,"column":10},"end":{"line":16,"column":6}},"type":"cond-expr","locations":[{"start":{"line":10,"column":10},"end":{"line":16,"column":6}},{"start":{"line":16,"column":6},"end":{"line":null,"column":-1}}]},"1":{"loc":{"start":{"line":11,"column":14},"end":{"line":16,"column":6}},"type":"cond-expr","locations":[{"start":{"line":11,"column":14},"end":{"line":16,"column":6}},{"start":{"line":16,"column":6},"end":{"line":null,"column":-1}}]},"2":{"loc":{"start":{"line":12,"column":15},"end":{"line":16,"column":6}},"type":"cond-expr","locations":[{"start":{"line":12,"column":15},"end":{"line":16,"column":6}},{"start":{"line":16,"column":6},"end":{"line":null,"column":-1}}]},"3":{"loc":{"start":{"line":13,"column":12},"end":{"line":16,"column":6}},"type":"cond-expr","locations":[{"start":{"line":13,"column":12},"end":{"line":16,"column":6}},{"start":{"line":16,"column":6},"end":{"line":null,"column":-1}}]},"4":{"loc":{"start":{"line":14,"column":13},"end":{"line":16,"column":6}},"type":"cond-expr","locations":[{"start":{"line":14,"column":13},"end":{"line":16,"column":6}},{"start":{"line":16,"column":6},"end":{"line":null,"column":-1}}]},"5":{"loc":{"start":{"line":15,"column":10},"end":{"line":16,"column":6}},"type":"cond-expr","locations":[{"start":{"line":15,"column":10},"end":{"line":16,"column":6}},{"start":{"line":16,"column":6},"end":{"line":null,"column":-1}}]},"6":{"loc":{"start":{"line":19,"column":2},"end":{"line":21,"column":3}},"type":"if","locations":[{"start":{"line":19,"column":2},"end":{"line":21,"column":3}},{"start":{"line":19,"column":2},"end":{"line":21,"column":3}}]},"7":{"loc":{"start":{"line":20,"column":24},"end":{"line":20,"column":37}},"type":"binary-expr","locations":[{"start":{"line":20,"column":24},"end":{"line":20,"column":37}},{"start":{"line":20,"column":38},"end":{"line":20,"column":18}}]}},"s":{"0":0,"1":0,"2":0,"3":0,"4":0,"5":0,"6":0,"7":0,"8":0,"9":0,"10":0,"11":0,"12":0,"13":0,"14":0,"15":0},"f":{"0":0,"1":0,"2":0},"b":{"0":[0,0],"1":[0,0],"2":[0,0],"3":[0,0],"4":[0,0],"5":[0,0],"6":[0,0],"7":[0,0]}}
,"/Users/drew/Projects/slackdeletron/client/scripts/Containers/FileContainer.js": {"path":"/Users/drew/Projects/slackdeletron/client/scripts/Containers/FileContainer.js","statementMap":{"0":{"start":{"line":1,"column":0},"end":{"line":null,"column":-1}},"1":{"start":{"line":2,"column":0},"end":{"line":null,"column":-1}},"2":{"start":{"line":3,"column":0},"end":{"line":null,"column":-1}},"3":{"start":{"line":5,"column":0},"end":{"line":null,"column":-1}},"4":{"start":{"line":7,"column":0},"end":{"line":null,"column":-1}},"5":{"start":{"line":8,"column":0},"end":{"line":null,"column":-1}},"6":{"start":{"line":9,"column":0},"end":{"line":null,"column":-1}},"7":{"start":{"line":10,"column":0},"end":{"line":null,"column":-1}},"8":{"start":{"line":11,"column":0},"end":{"line":null,"column":-1}},"9":{"start":{"line":19,"column":21},"end":{"line":null,"column":-1}},"10":{"start":{"line":29,"column":4},"end":{"line":null,"column":-1}},"11":{"start":{"line":36,"column":4},"end":{"line":null,"column":-1}},"12":{"start":{"line":22,"column":4},"end":{"line":null,"column":-1}},"13":{"start":{"line":43,"column":4},"end":{"line":45,"column":5}},"14":{"start":{"line":44,"column":6},"end":{"line":null,"column":-1}},"15":{"start":{"line":46,"column":4},"end":{"line":null,"column":-1}},"16":{"start":{"line":65,"column":4},"end":{"line":69,"column":5}},"17":{"start":{"line":66,"column":6},"end":{"line":null,"column":-1}},"18":{"start":{"line":66,"column":17},"end":{"line":null,"column":-1}},"19":{"start":{"line":67,"column":11},"end":{"line":69,"column":5}},"20":{"start":{"line":68,"column":6},"end":{"line":null,"column":-1}},"21":{"start":{"line":68,"column":17},"end":{"line":null,"column":-1}},"22":{"start":{"line":71,"column":4},"end":{"line":75,"column":5}},"23":{"start":{"line":72,"column":6},"end":{"line":null,"column":-1}},"24":{"start":{"line":72,"column":17},"end":{"line":null,"column":-1}},"25":{"start":{"line":73,"column":11},"end":{"line":75,"column":5}},"26":{"start":{"line":74,"column":6},"end":{"line":null,"column":-1}},"27":{"start":{"line":74,"column":17},"end":{"line":null,"column":-1}},"28":{"start":{"line":77,"column":4},"end":{"line":null,"column":-1}},"29":{"start":{"line":77,"column":21},"end":{"line":null,"column":-1}},"30":{"start":{"line":82,"column":11},"end":{"line":null,"column":-1}},"31":{"start":{"line":83,"column":4},"end":{"line":null,"column":-1}},"32":{"start":{"line":85,"column":9},"end":{"line":null,"column":-1}}},"fnMap":{"0":{"name":"FileContainer","decl":{"start":{"line":19,"column":2},"end":{"line":19,"column":13}},"loc":{"start":{"line":19,"column":21},"end":{"line":26,"column":3}}},"1":{"name":"(anonymous_3)","decl":{"start":{"line":28,"column":17},"end":{"line":28,"column":17}},"loc":{"start":{"line":28,"column":24},"end":{"line":19,"column":21}}},"2":{"name":"(anonymous_4)","decl":{"start":{"line":35,"column":17},"end":{"line":35,"column":17}},"loc":{"start":{"line":35,"column":24},"end":{"line":19,"column":21}}},"3":{"name":"(anonymous_7)","decl":{"start":{"line":66,"column":17},"end":{"line":66,"column":17}},"loc":{"start":{"line":66,"column":17},"end":{"line":66,"column":6}}},"4":{"name":"(anonymous_8)","decl":{"start":{"line":68,"column":17},"end":{"line":68,"column":17}},"loc":{"start":{"line":68,"column":17},"end":{"line":68,"column":6}}},"5":{"name":"(anonymous_9)","decl":{"start":{"line":72,"column":17},"end":{"line":72,"column":17}},"loc":{"start":{"line":72,"column":17},"end":{"line":72,"column":6}}},"6":{"name":"(anonymous_10)","decl":{"start":{"line":74,"column":17},"end":{"line":74,"column":17}},"loc":{"start":{"line":74,"column":17},"end":{"line":74,"column":6}}},"7":{"name":"(anonymous_11)","decl":{"start":{"line":77,"column":21},"end":{"line":77,"column":21}},"loc":{"start":{"line":77,"column":21},"end":{"line":77,"column":11}}},"8":{"name":"(anonymous_13)","decl":{"start":{"line":85,"column":9},"end":{"line":85,"column":9}},"loc":{"start":{"line":85,"column":9},"end":{"line":null,"column":-1}}}},"branchMap":{"0":{"loc":{"start":{"line":19,"column":21},"end":{"line":20,"column":9}},"type":"binary-expr","locations":[{"start":{"line":19,"column":21},"end":{"line":20,"column":9}},{"start":{"line":19,"column":21},"end":{"line":20,"column":9}}]},"1":{"loc":{"start":{"line":43,"column":4},"end":{"line":45,"column":5}},"type":"if","locations":[{"start":{"line":43,"column":4},"end":{"line":45,"column":5}},{"start":{"line":43,"column":4},"end":{"line":45,"column":5}}]},"2":{"loc":{"start":{"line":65,"column":4},"end":{"line":69,"column":5}},"type":"if","locations":[{"start":{"line":65,"column":4},"end":{"line":69,"column":5}},{"start":{"line":65,"column":4},"end":{"line":69,"column":5}}]},"3":{"loc":{"start":{"line":67,"column":11},"end":{"line":69,"column":5}},"type":"if","locations":[{"start":{"line":67,"column":11},"end":{"line":69,"column":5}},{"start":{"line":67,"column":11},"end":{"line":69,"column":5}}]},"4":{"loc":{"start":{"line":71,"column":4},"end":{"line":75,"column":5}},"type":"if","locations":[{"start":{"line":71,"column":4},"end":{"line":75,"column":5}},{"start":{"line":71,"column":4},"end":{"line":75,"column":5}}]},"5":{"loc":{"start":{"line":73,"column":11},"end":{"line":75,"column":5}},"type":"if","locations":[{"start":{"line":73,"column":11},"end":{"line":75,"column":5}},{"start":{"line":73,"column":11},"end":{"line":75,"column":5}}]}},"s":{"0":0,"1":0,"2":0,"3":0,"4":0,"5":0,"6":0,"7":0,"8":0,"9":0,"10":0,"11":0,"12":0,"13":0,"14":0,"15":0,"16":0,"17":0,"18":0,"19":0,"20":0,"21":0,"22":0,"23":0,"24":0,"25":0,"26":0,"27":0,"28":0,"29":0,"30":0,"31":0,"32":0},"f":{"0":0,"1":0,"2":0,"3":0,"4":0,"5":0,"6":0,"7":0,"8":0},"b":{"0":[0,0],"1":[0,0],"2":[0,0],"3":[0,0],"4":[0,0],"5":[0,0]}}
,"/Users/drew/Projects/slackdeletron/client/scripts/Containers/Filters.js": {"path":"/Users/drew/Projects/slackdeletron/client/scripts/Containers/Filters.js","statementMap":{"0":{"start":{"line":1,"column":0},"end":{"line":null,"column":-1}},"1":{"start":{"line":2,"column":0},"end":{"line":null,"column":-1}},"2":{"start":{"line":3,"column":0},"end":{"line":null,"column":-1}},"3":{"start":{"line":5,"column":17},"end":{"line":5,"column":0}},"4":{"start":{"line":10,"column":13},"end":{"line":10,"column":0}},"5":{"start":{"line":24,"column":4},"end":{"line":null,"column":-1}}},"fnMap":{},"branchMap":{},"s":{"0":0,"1":0,"2":0,"3":0,"4":0,"5":0},"f":{},"b":{}}
,"/Users/drew/Projects/slackdeletron/client/scripts/Containers/Form.js": {"path":"/Users/drew/Projects/slackdeletron/client/scripts/Containers/Form.js","statementMap":{"0":{"start":{"line":1,"column":0},"end":{"line":null,"column":-1}},"1":{"start":{"line":2,"column":0},"end":{"line":null,"column":-1}},"2":{"start":{"line":3,"column":0},"end":{"line":null,"column":-1}},"3":{"start":{"line":4,"column":0},"end":{"line":null,"column":-1}},"4":{"start":{"line":5,"column":0},"end":{"line":null,"column":-1}},"5":{"start":{"line":6,"column":0},"end":{"line":null,"column":-1}},"6":{"start":{"line":8,"column":19},"end":{"line":8,"column":0}},"7":{"start":{"line":18,"column":25},"end":{"line":18,"column":0}},"8":{"start":{"line":34,"column":21},"end":{"line":null,"column":-1}},"9":{"start":{"line":46,"column":51},"end":{"line":45,"column":19}},"10":{"start":{"line":45,"column":19},"end":{"line":45,"column":18}},"11":{"start":{"line":47,"column":22},"end":{"line":47,"column":4}},"12":{"start":{"line":48,"column":14},"end":{"line":null,"column":-1}},"13":{"start":{"line":50,"column":4},"end":{"line":null,"column":-1}},"14":{"start":{"line":54,"column":4},"end":{"line":null,"column":-1}},"15":{"start":{"line":57,"column":43},"end":{"line":57,"column":42}},"16":{"start":{"line":59,"column":4},"end":{"line":null,"column":-1}},"17":{"start":{"line":63,"column":21},"end":{"line":63,"column":4}},"18":{"start":{"line":64,"column":18},"end":{"line":64,"column":4}},"19":{"start":{"line":65,"column":18},"end":{"line":65,"column":4}},"20":{"start":{"line":66,"column":4},"end":{"line":72,"column":5}},"21":{"start":{"line":67,"column":6},"end":{"line":null,"column":-1}},"22":{"start":{"line":71,"column":6},"end":{"line":null,"column":-1}},"23":{"start":{"line":74,"column":4},"end":{"line":null,"column":-1}},"24":{"start":{"line":80,"column":4},"end":{"line":null,"column":-1}},"25":{"start":{"line":86,"column":21},"end":{"line":86,"column":4}},"26":{"start":{"line":87,"column":4},"end":{"line":98,"column":5}},"27":{"start":{"line":88,"column":6},"end":{"line":null,"column":-1}},"28":{"start":{"line":102,"column":4},"end":{"line":null,"column":-1}},"29":{"start":{"line":103,"column":6},"end":{"line":null,"column":-1}},"30":{"start":{"line":37,"column":4},"end":{"line":null,"column":-1}},"31":{"start":{"line":115,"column":11},"end":{"line":null,"column":-1}},"32":{"start":{"line":116,"column":25},"end":{"line":116,"column":4}},"33":{"start":{"line":117,"column":6},"end":{"line":null,"column":-1}},"34":{"start":{"line":119,"column":4},"end":{"line":null,"column":-1}}},"fnMap":{"0":{"name":"Form","decl":{"start":{"line":34,"column":2},"end":{"line":34,"column":13}},"loc":{"start":{"line":34,"column":21},"end":{"line":43,"column":3}}},"1":{"name":"(anonymous_3)","decl":{"start":{"line":45,"column":13},"end":{"line":45,"column":18}},"loc":{"start":{"line":45,"column":19},"end":{"line":34,"column":21}}},"2":{"name":"(anonymous_4)","decl":{"start":{"line":48,"column":14},"end":{"line":48,"column":14}},"loc":{"start":{"line":48,"column":14},"end":{"line":47,"column":22}}},"3":{"name":"(anonymous_5)","decl":{"start":{"line":53,"column":16},"end":{"line":53,"column":16}},"loc":{"start":{"line":53,"column":34},"end":{"line":34,"column":21}}},"4":{"name":"(anonymous_6)","decl":{"start":{"line":57,"column":15},"end":{"line":57,"column":42}},"loc":{"start":{"line":57,"column":43},"end":{"line":34,"column":21}}},"5":{"name":"(anonymous_7)","decl":{"start":{"line":62,"column":15},"end":{"line":62,"column":15}},"loc":{"start":{"line":62,"column":22},"end":{"line":34,"column":21}}},"6":{"name":"(anonymous_8)","decl":{"start":{"line":79,"column":24},"end":{"line":79,"column":24}},"loc":{"start":{"line":79,"column":31},"end":{"line":34,"column":21}}},"7":{"name":"(anonymous_9)","decl":{"start":{"line":85,"column":24},"end":{"line":85,"column":29}},"loc":{"start":{"line":85,"column":30},"end":{"line":34,"column":21}}},"8":{"name":"(anonymous_10)","decl":{"start":{"line":101,"column":22},"end":{"line":101,"column":27}},"loc":{"start":{"line":101,"column":28},"end":{"line":34,"column":21}}},"9":{"name":"(anonymous_11)","decl":{"start":{"line":102,"column":39},"end":{"line":102,"column":39}},"loc":{"start":{"line":102,"column":49},"end":{"line":102,"column":11}}},"10":{"name":"(anonymous_13)","decl":{"start":{"line":117,"column":6},"end":{"line":117,"column":6}},"loc":{"start":{"line":117,"column":6},"end":{"line":116,"column":25}}}},"branchMap":{"0":{"loc":{"start":{"line":34,"column":21},"end":{"line":35,"column":9}},"type":"binary-expr","locations":[{"start":{"line":34,"column":21},"end":{"line":35,"column":9}},{"start":{"line":34,"column":21},"end":{"line":35,"column":9}}]},"1":{"loc":{"start":{"line":66,"column":4},"end":{"line":72,"column":5}},"type":"if","locations":[{"start":{"line":66,"column":4},"end":{"line":72,"column":5}},{"start":{"line":66,"column":4},"end":{"line":72,"column":5}}]},"2":{"loc":{"start":{"line":87,"column":4},"end":{"line":98,"column":5}},"type":"if","locations":[{"start":{"line":87,"column":4},"end":{"line":98,"column":5}},{"start":{"line":87,"column":4},"end":{"line":98,"column":5}}]}},"s":{"0":0,"1":0,"2":0,"3":0,"4":0,"5":0,"6":0,"7":0,"8":0,"9":0,"10":0,"11":0,"12":0,"13":0,"14":0,"15":0,"16":0,"17":0,"18":0,"19":0,"20":0,"21":0,"22":0,"23":0,"24":0,"25":0,"26":0,"27":0,"28":0,"29":0,"30":0,"31":0,"32":0,"33":0,"34":0},"f":{"0":0,"1":0,"2":0,"3":0,"4":0,"5":0,"6":0,"7":0,"8":0,"9":0,"10":0},"b":{"0":[0,0],"1":[0,0],"2":[0,0]}}
,"/Users/drew/Projects/slackdeletron/client/scripts/Providers/FileProvider.js": {"path":"/Users/drew/Projects/slackdeletron/client/scripts/Providers/FileProvider.js","statementMap":{"0":{"start":{"line":1,"column":0},"end":{"line":null,"column":-1}},"1":{"start":{"line":2,"column":0},"end":{"line":null,"column":-1}},"2":{"start":{"line":3,"column":0},"end":{"line":null,"column":-1}},"3":{"start":{"line":4,"column":0},"end":{"line":null,"column":-1}},"4":{"start":{"line":6,"column":0},"end":{"line":null,"column":-1}},"5":{"start":{"line":8,"column":22},"end":{"line":8,"column":0}},"6":{"start":{"line":18,"column":13},"end":{"line":18,"column":7}},"7":{"start":{"line":29,"column":17},"end":{"line":29,"column":16}},"8":{"start":{"line":29,"column":17},"end":{"line":null,"column":-1}},"9":{"start":{"line":35,"column":10},"end":{"line":29,"column":17}},"10":{"start":{"line":39,"column":8},"end":{"line":29,"column":17}},"11":{"start":{"line":40,"column":4},"end":{"line":42,"column":5}},"12":{"start":{"line":41,"column":6},"end":{"line":null,"column":-1}},"13":{"start":{"line":44,"column":4},"end":{"line":46,"column":5}},"14":{"start":{"line":45,"column":6},"end":{"line":null,"column":-1}},"15":{"start":{"line":49,"column":12},"end":{"line":29,"column":17}},"16":{"start":{"line":59,"column":6},"end":{"line":null,"column":-1}},"17":{"start":{"line":64,"column":6},"end":{"line":null,"column":-1}},"18":{"start":{"line":74,"column":19},"end":{"line":null,"column":-1}},"19":{"start":{"line":76,"column":12},"end":{"line":74,"column":19}},"20":{"start":{"line":83,"column":6},"end":{"line":85,"column":7}},"21":{"start":{"line":84,"column":8},"end":{"line":null,"column":-1}},"22":{"start":{"line":87,"column":6},"end":{"line":null,"column":-1}},"23":{"start":{"line":97,"column":17},"end":{"line":97,"column":4}},"24":{"start":{"line":97,"column":41},"end":{"line":null,"column":-1}},"25":{"start":{"line":98,"column":26},"end":{"line":98,"column":4}},"26":{"start":{"line":98,"column":50},"end":{"line":null,"column":-1}},"27":{"start":{"line":99,"column":4},"end":{"line":102,"column":5}},"28":{"start":{"line":100,"column":6},"end":{"line":null,"column":-1}},"29":{"start":{"line":101,"column":6},"end":{"line":null,"column":-1}},"30":{"start":{"line":104,"column":21},"end":{"line":104,"column":4}},"31":{"start":{"line":106,"column":4},"end":{"line":null,"column":-1}},"32":{"start":{"line":114,"column":4},"end":{"line":null,"column":-1}}},"fnMap":{"0":{"name":"_callee$","decl":{"start":{"line":29,"column":17},"end":{"line":null,"column":-1}},"loc":{"start":{"line":29,"column":17},"end":{"line":null,"column":-1}}},"1":{"name":"_callee2$","decl":{"start":{"line":74,"column":19},"end":{"line":null,"column":-1}},"loc":{"start":{"line":74,"column":19},"end":{"line":null,"column":-1}}},"2":{"name":"(anonymous_12)","decl":{"start":{"line":97,"column":41},"end":{"line":97,"column":41}},"loc":{"start":{"line":97,"column":41},"end":{"line":97,"column":17}}},"3":{"name":"(anonymous_13)","decl":{"start":{"line":98,"column":50},"end":{"line":98,"column":50}},"loc":{"start":{"line":98,"column":50},"end":{"line":98,"column":26}}}},"branchMap":{"0":{"loc":{"start":{"line":29,"column":17},"end":{"line":30,"column":10}},"type":"cond-expr","locations":[{"start":{"line":29,"column":17},"end":{"line":30,"column":10}},{"start":{"line":30,"column":11},"end":{"line":29,"column":17}}]},"1":{"loc":{"start":{"line":29,"column":17},"end":{"line":30,"column":10}},"type":"binary-expr","locations":[{"start":{"line":29,"column":17},"end":{"line":30,"column":10}},{"start":{"line":29,"column":17},"end":{"line":30,"column":10}}]},"2":{"loc":{"start":{"line":29,"column":17},"end":{"line":31,"column":8}},"type":"cond-expr","locations":[{"start":{"line":29,"column":17},"end":{"line":31,"column":8}},{"start":{"line":31,"column":9},"end":{"line":29,"column":17}}]},"3":{"loc":{"start":{"line":29,"column":17},"end":{"line":31,"column":8}},"type":"binary-expr","locations":[{"start":{"line":29,"column":17},"end":{"line":31,"column":8}},{"start":{"line":29,"column":17},"end":{"line":31,"column":8}}]},"4":{"loc":{"start":{"line":29,"column":17},"end":{"line":32,"column":11}},"type":"cond-expr","locations":[{"start":{"line":29,"column":17},"end":{"line":32,"column":11}},{"start":{"line":32,"column":12},"end":{"line":29,"column":17}}]},"5":{"loc":{"start":{"line":29,"column":17},"end":{"line":32,"column":11}},"type":"binary-expr","locations":[{"start":{"line":29,"column":17},"end":{"line":32,"column":11}},{"start":{"line":29,"column":17},"end":{"line":32,"column":11}}]},"6":{"loc":{"start":{"line":29,"column":17},"end":{"line":33,"column":13}},"type":"cond-expr","locations":[{"start":{"line":29,"column":17},"end":{"line":33,"column":13}},{"start":{"line":33,"column":14},"end":{"line":29,"column":17}}]},"7":{"loc":{"start":{"line":29,"column":17},"end":{"line":33,"column":13}},"type":"binary-expr","locations":[{"start":{"line":29,"column":17},"end":{"line":33,"column":13}},{"start":{"line":29,"column":17},"end":{"line":33,"column":13}}]},"8":{"loc":{"start":{"line":29,"column":17},"end":{"line":null,"column":-1}},"type":"switch","locations":[{"start":{"line":29,"column":17},"end":{"line":null,"column":-1}},{"start":{"line":29,"column":17},"end":{"line":null,"column":-1}},{"start":{"line":29,"column":17},"end":{"line":64,"column":6}},{"start":{"line":29,"column":17},"end":{"line":null,"column":-1}},{"start":{"line":29,"column":17},"end":{"line":null,"column":-1}}]},"9":{"loc":{"start":{"line":40,"column":4},"end":{"line":42,"column":5}},"type":"if","locations":[{"start":{"line":40,"column":4},"end":{"line":42,"column":5}},{"start":{"line":40,"column":4},"end":{"line":42,"column":5}}]},"10":{"loc":{"start":{"line":41,"column":25},"end":{"line":41,"column":18}},"type":"cond-expr","locations":[{"start":{"line":41,"column":25},"end":{"line":41,"column":18}},{"start":{"line":41,"column":47},"end":{"line":41,"column":6}}]},"11":{"loc":{"start":{"line":44,"column":4},"end":{"line":46,"column":5}},"type":"if","locations":[{"start":{"line":44,"column":4},"end":{"line":46,"column":5}},{"start":{"line":44,"column":4},"end":{"line":46,"column":5}}]},"12":{"loc":{"start":{"line":45,"column":42},"end":{"line":45,"column":16}},"type":"cond-expr","locations":[{"start":{"line":45,"column":42},"end":{"line":45,"column":16}},{"start":{"line":45,"column":62},"end":{"line":45,"column":6}}]},"13":{"loc":{"start":{"line":74,"column":19},"end":{"line":null,"column":-1}},"type":"switch","locations":[{"start":{"line":74,"column":19},"end":{"line":null,"column":-1}},{"start":{"line":74,"column":19},"end":{"line":null,"column":-1}},{"start":{"line":74,"column":19},"end":{"line":87,"column":6}},{"start":{"line":74,"column":19},"end":{"line":null,"column":-1}},{"start":{"line":74,"column":19},"end":{"line":null,"column":-1}}]},"14":{"loc":{"start":{"line":83,"column":6},"end":{"line":85,"column":7}},"type":"if","locations":[{"start":{"line":83,"column":6},"end":{"line":85,"column":7}},{"start":{"line":83,"column":6},"end":{"line":85,"column":7}}]},"15":{"loc":{"start":{"line":99,"column":4},"end":{"line":102,"column":5}},"type":"if","locations":[{"start":{"line":99,"column":4},"end":{"line":102,"column":5}},{"start":{"line":99,"column":4},"end":{"line":102,"column":5}}]}},"s":{"0":0,"1":0,"2":0,"3":0,"4":0,"5":0,"6":0,"7":0,"8":0,"9":0,"10":0,"11":0,"12":0,"13":0,"14":0,"15":0,"16":0,"17":0,"18":0,"19":0,"20":0,"21":0,"22":0,"23":0,"24":0,"25":0,"26":0,"27":0,"28":0,"29":0,"30":0,"31":0,"32":0},"f":{"0":0,"1":0,"2":0,"3":0},"b":{"0":[0,0],"1":[0,0],"2":[0,0],"3":[0,0],"4":[0,0],"5":[0,0],"6":[0,0],"7":[0,0],"8":[0,0,0,0,0],"9":[0,0],"10":[0,0],"11":[0,0],"12":[0,0],"13":[0,0,0,0,0],"14":[0,0],"15":[0,0]}}
,"/Users/drew/Projects/slackdeletron/client/scripts/utils/index.js": {"path":"/Users/drew/Projects/slackdeletron/client/scripts/utils/index.js","statementMap":{"0":{"start":{"line":2,"column":2},"end":{"line":2,"column":14}},"1":{"start":{"line":2,"column":14},"end":{"line":null,"column":-1}},"2":{"start":{"line":3,"column":10},"end":{"line":3,"column":2}},"3":{"start":{"line":4,"column":8},"end":{"line":3,"column":2}},"4":{"start":{"line":5,"column":8},"end":{"line":3,"column":2}},"5":{"start":{"line":6,"column":8},"end":{"line":3,"column":2}},"6":{"start":{"line":7,"column":2},"end":{"line":null,"column":-1}}},"fnMap":{"0":{"name":"formatBytes","decl":{"start":{"line":1,"column":16},"end":{"line":1,"column":7}},"loc":{"start":{"line":1,"column":34},"end":{"line":8,"column":1}}}},"branchMap":{"0":{"loc":{"start":{"line":2,"column":2},"end":{"line":2,"column":14}},"type":"if","locations":[{"start":{"line":2,"column":2},"end":{"line":2,"column":14}},{"start":{"line":2,"column":2},"end":{"line":2,"column":14}}]},"1":{"loc":{"start":{"line":4,"column":8},"end":{"line":4,"column":12}},"type":"binary-expr","locations":[{"start":{"line":4,"column":8},"end":{"line":4,"column":12}},{"start":{"line":4,"column":13},"end":{"line":3,"column":2}}]}},"s":{"0":0,"1":0,"2":0,"3":0,"4":0,"5":0,"6":0},"f":{"0":0},"b":{"0":[0,0],"1":[0,0]}}
}
