TN:
SF:/Users/drew/Projects/slackdeletron/client/index.js
FNF:0
FNH:0
DA:1,0
DA:2,0
DA:3,0
DA:4,0
DA:6,0
DA:8,0
DA:9,0
DA:12,0
DA:14,0
DA:15,0
LF:10
LH:0
BRDA:8,0,0,0
BRDA:8,0,1,0
BRDA:14,1,0,0
BRDA:14,1,1,0
BRF:4
BRH:0
end_of_record
TN:
SF:/Users/drew/Projects/slackdeletron/client/scripts/Main.js
FN:23,_callee$
FN:28,_callee2$
FN:47,_callee3$
FNF:3
FNH:0
FNDA:0,_callee$
FNDA:0,_callee2$
FNDA:0,_callee3$
DA:1,0
DA:2,0
DA:4,0
DA:5,0
DA:6,0
DA:8,0
DA:23,0
DA:28,0
DA:30,0
DA:38,0
DA:47,0
DA:49,0
DA:51,0
DA:52,0
DA:59,0
DA:66,0
DA:75,0
LF:17
LH:0
BRDA:23,0,0,0
BRDA:23,0,1,0
BRDA:23,0,2,0
BRDA:23,0,3,0
BRDA:28,1,0,0
BRDA:28,1,1,0
BRDA:28,1,2,0
BRDA:28,1,3,0
BRDA:28,2,0,0
BRDA:28,2,1,0
BRDA:47,3,0,0
BRDA:47,3,1,0
BRDA:47,3,2,0
BRDA:47,3,3,0
BRDA:47,3,4,0
BRDA:51,4,0,0
BRDA:51,4,1,0
BRF:17
BRH:0
end_of_record
TN:
SF:/Users/drew/Projects/slackdeletron/client/scripts/style.js
FNF:0
FNH:0
DA:5,2
DA:6,2
DA:8,2
DA:9,2
DA:10,2
DA:11,2
DA:12,2
DA:13,2
DA:15,2
LF:9
LH:9
BRF:0
BRH:0
end_of_record
TN:
SF:/Users/drew/Projects/slackdeletron/client/scripts/Components/Button.js
FN:14,(anonymous_0)
FN:15,(anonymous_1)
FN:24,(anonymous_2)
FN:25,(anonymous_3)
FN:28,(anonymous_4)
FN:30,(anonymous_5)
FNF:6
FNH:5
FNDA:3,(anonymous_0)
FNDA:3,(anonymous_1)
FNDA:5,(anonymous_2)
FNDA:5,(anonymous_3)
FNDA:9,(anonymous_4)
FNDA:0,(anonymous_5)
DA:7,2
DA:14,3
DA:15,3
DA:17,2
DA:24,5
DA:25,5
DA:28,2
DA:36,9
DA:37,5
DA:44,4
DA:51,2
LF:11
LH:11
BRDA:14,0,0,0
BRDA:14,0,1,3
BRDA:15,1,0,0
BRDA:15,1,1,3
BRDA:24,2,0,0
BRDA:24,2,1,5
BRDA:25,3,0,0
BRDA:25,3,1,5
BRDA:29,4,0,1
BRDA:30,5,0,9
BRDA:31,6,0,3
BRDA:32,7,0,4
BRDA:33,8,0,9
BRDA:34,9,0,9
BRDA:36,10,0,5
BRDA:36,10,1,4
BRDA:36,11,0,9
BRDA:36,11,1,6
BRF:18
BRH:14
end_of_record
TN:
SF:/Users/drew/Projects/slackdeletron/client/scripts/Components/Checkbox.js
FN:9,Checkbox
FN:12,(anonymous_2)
FNF:2
FNH:0
FNDA:0,Checkbox
FNDA:0,(anonymous_2)
DA:1,0
DA:2,0
DA:3,0
DA:5,0
DA:6,0
DA:7,0
DA:9,0
DA:14,0
DA:15,0
DA:31,0
LF:10
LH:0
BRDA:10,0,0,0
BRDA:10,0,1,0
BRDA:11,1,0,0
BRDA:11,1,1,0
BRDA:12,2,0,0
BRDA:12,2,1,0
BRDA:13,3,0,0
BRDA:13,3,1,0
BRF:8
BRH:0
end_of_record
TN:
SF:/Users/drew/Projects/slackdeletron/client/scripts/Components/Count.js
FN:6,Count
FN:8,(anonymous_2)
FNF:2
FNH:0
FNDA:0,Count
FNDA:0,(anonymous_2)
DA:1,0
DA:2,0
DA:4,0
DA:6,0
DA:7,0
DA:8,0
DA:9,0
DA:11,0
DA:19,0
LF:9
LH:0
BRF:0
BRH:0
end_of_record
TN:
SF:/Users/drew/Projects/slackdeletron/client/scripts/Components/DateFields.js
FN:10,isAfterToday
FN:24,DateFields
FN:32,(anonymous_4)
FNF:3
FNH:0
FNDA:0,isAfterToday
FNDA:0,DateFields
FNDA:0,(anonymous_4)
DA:1,0
DA:2,0
DA:3,0
DA:4,0
DA:6,0
DA:8,0
DA:10,0
DA:11,0
DA:12,0
DA:14,0
DA:24,0
DA:27,0
DA:33,0
DA:36,0
DA:37,0
DA:38,0
LF:16
LH:0
BRDA:11,0,0,0
BRDA:11,0,1,0
BRDA:24,1,0,0
BRDA:24,1,1,0
BRF:4
BRH:0
end_of_record
TN:
SF:/Users/drew/Projects/slackdeletron/client/scripts/Components/File.js
FN:9,renderImage
FN:27,File
FN:42,onClick
FNF:3
FNH:0
FNDA:0,renderImage
FNDA:0,File
FNDA:0,onClick
DA:1,0
DA:2,0
DA:3,0
DA:4,0
DA:6,0
DA:7,0
DA:10,0
DA:12,0
DA:14,0
DA:15,0
DA:17,0
DA:18,0
DA:20,0
DA:21,0
DA:24,0
DA:27,0
DA:28,0
DA:29,0
DA:43,0
DA:51,0
LF:20
LH:0
BRDA:13,0,0,0
BRDA:13,0,1,0
BRDA:13,0,2,0
BRF:3
BRH:0
end_of_record
TN:
SF:/Users/drew/Projects/slackdeletron/client/scripts/Components/Header.js
FN:40,(anonymous_0)
FNF:1
FNH:1
FNDA:5,(anonymous_0)
DA:10,1
DA:23,1
DA:29,1
DA:36,1
DA:40,1
DA:41,5
DA:43,5
DA:44,1
DA:52,4
DA:59,5
DA:73,1
LF:11
LH:11
BRDA:40,0,0,3
BRDA:40,1,0,3
BRDA:40,2,0,3
BRDA:43,3,0,1
BRDA:43,3,1,4
BRDA:43,4,0,5
BRDA:43,4,1,2
BRDA:43,4,2,1
BRF:8
BRH:8
end_of_record
TN:
SF:/Users/drew/Projects/slackdeletron/client/scripts/Components/Select.js
FN:9,Select
FN:14,(anonymous_2)
FN:29,(anonymous_3)
FNF:3
FNH:0
FNDA:0,Select
FNDA:0,(anonymous_2)
FNDA:0,(anonymous_3)
DA:1,0
DA:2,0
DA:3,0
DA:5,0
DA:6,0
DA:7,0
DA:9,0
DA:16,0
DA:17,0
DA:19,0
DA:20,0
DA:23,0
DA:25,0
DA:29,0
DA:39,0
LF:15
LH:0
BRDA:10,0,0,0
BRDA:10,0,1,0
BRDA:11,1,0,0
BRDA:11,1,1,0
BRDA:12,2,0,0
BRDA:12,2,1,0
BRDA:13,3,0,0
BRDA:13,3,1,0
BRDA:14,4,0,0
BRDA:14,4,1,0
BRDA:15,5,0,0
BRDA:15,5,1,0
BRDA:19,6,0,0
BRDA:19,6,1,0
BRDA:20,7,0,0
BRDA:20,7,1,0
BRF:16
BRH:0
end_of_record
TN:
SF:/Users/drew/Projects/slackdeletron/client/scripts/Containers/FileContainer.js
FN:19,FileContainer
FN:28,(anonymous_3)
FN:35,(anonymous_4)
FN:66,(anonymous_7)
FN:68,(anonymous_8)
FN:72,(anonymous_9)
FN:74,(anonymous_10)
FN:77,(anonymous_11)
FN:85,(anonymous_13)
FNF:9
FNH:0
FNDA:0,FileContainer
FNDA:0,(anonymous_3)
FNDA:0,(anonymous_4)
FNDA:0,(anonymous_7)
FNDA:0,(anonymous_8)
FNDA:0,(anonymous_9)
FNDA:0,(anonymous_10)
FNDA:0,(anonymous_11)
FNDA:0,(anonymous_13)
DA:1,0
DA:2,0
DA:3,0
DA:5,0
DA:7,0
DA:8,0
DA:9,0
DA:10,0
DA:11,0
DA:19,0
DA:22,0
DA:29,0
DA:36,0
DA:43,0
DA:44,0
DA:46,0
DA:65,0
DA:66,0
DA:67,0
DA:68,0
DA:71,0
DA:72,0
DA:73,0
DA:74,0
DA:77,0
DA:82,0
DA:83,0
DA:85,0
LF:28
LH:0
BRDA:19,0,0,0
BRDA:19,0,1,0
BRDA:43,1,0,0
BRDA:43,1,1,0
BRDA:65,2,0,0
BRDA:65,2,1,0
BRDA:67,3,0,0
BRDA:67,3,1,0
BRDA:71,4,0,0
BRDA:71,4,1,0
BRDA:73,5,0,0
BRDA:73,5,1,0
BRF:12
BRH:0
end_of_record
TN:
SF:/Users/drew/Projects/slackdeletron/client/scripts/Containers/Filters.js
FNF:0
FNH:0
DA:1,0
DA:2,0
DA:3,0
DA:5,0
DA:10,0
DA:24,0
LF:6
LH:0
BRF:0
BRH:0
end_of_record
TN:
SF:/Users/drew/Projects/slackdeletron/client/scripts/Containers/Form.js
FN:34,Form
FN:45,(anonymous_3)
FN:48,(anonymous_4)
FN:53,(anonymous_5)
FN:57,(anonymous_6)
FN:62,(anonymous_7)
FN:79,(anonymous_8)
FN:85,(anonymous_9)
FN:101,(anonymous_10)
FN:102,(anonymous_11)
FN:117,(anonymous_13)
FNF:11
FNH:0
FNDA:0,Form
FNDA:0,(anonymous_3)
FNDA:0,(anonymous_4)
FNDA:0,(anonymous_5)
FNDA:0,(anonymous_6)
FNDA:0,(anonymous_7)
FNDA:0,(anonymous_8)
FNDA:0,(anonymous_9)
FNDA:0,(anonymous_10)
FNDA:0,(anonymous_11)
FNDA:0,(anonymous_13)
DA:1,0
DA:2,0
DA:3,0
DA:4,0
DA:5,0
DA:6,0
DA:8,0
DA:18,0
DA:34,0
DA:37,0
DA:45,0
DA:46,0
DA:47,0
DA:48,0
DA:50,0
DA:54,0
DA:57,0
DA:59,0
DA:63,0
DA:64,0
DA:65,0
DA:66,0
DA:67,0
DA:71,0
DA:74,0
DA:80,0
DA:86,0
DA:87,0
DA:88,0
DA:102,0
DA:103,0
DA:115,0
DA:116,0
DA:117,0
DA:119,0
LF:35
LH:0
BRDA:34,0,0,0
BRDA:34,0,1,0
BRDA:66,1,0,0
BRDA:66,1,1,0
BRDA:87,2,0,0
BRDA:87,2,1,0
BRF:6
BRH:0
end_of_record
TN:
SF:/Users/drew/Projects/slackdeletron/client/scripts/Providers/FileProvider.js
FN:29,_callee$
FN:74,_callee2$
FN:97,(anonymous_12)
FN:98,(anonymous_13)
FNF:4
FNH:0
FNDA:0,_callee$
FNDA:0,_callee2$
FNDA:0,(anonymous_12)
FNDA:0,(anonymous_13)
DA:1,0
DA:2,0
DA:3,0
DA:4,0
DA:6,0
DA:8,0
DA:18,0
DA:29,0
DA:35,0
DA:39,0
DA:40,0
DA:41,0
DA:44,0
DA:45,0
DA:49,0
DA:59,0
DA:64,0
DA:74,0
DA:76,0
DA:83,0
DA:84,0
DA:87,0
DA:97,0
DA:98,0
DA:99,0
DA:100,0
DA:101,0
DA:104,0
DA:106,0
DA:114,0
LF:30
LH:0
BRDA:29,0,0,0
BRDA:29,0,1,0
BRDA:29,1,0,0
BRDA:29,1,1,0
BRDA:29,2,0,0
BRDA:29,2,1,0
BRDA:29,3,0,0
BRDA:29,3,1,0
BRDA:29,4,0,0
BRDA:29,4,1,0
BRDA:29,5,0,0
BRDA:29,5,1,0
BRDA:29,6,0,0
BRDA:29,6,1,0
BRDA:29,7,0,0
BRDA:29,7,1,0
BRDA:29,8,0,0
BRDA:29,8,1,0
BRDA:29,8,2,0
BRDA:29,8,3,0
BRDA:29,8,4,0
BRDA:40,9,0,0
BRDA:40,9,1,0
BRDA:41,10,0,0
BRDA:41,10,1,0
BRDA:44,11,0,0
BRDA:44,11,1,0
BRDA:45,12,0,0
BRDA:45,12,1,0
BRDA:74,13,0,0
BRDA:74,13,1,0
BRDA:74,13,2,0
BRDA:74,13,3,0
BRDA:74,13,4,0
BRDA:83,14,0,0
BRDA:83,14,1,0
BRDA:99,15,0,0
BRDA:99,15,1,0
BRF:38
BRH:0
end_of_record
TN:
SF:/Users/drew/Projects/slackdeletron/client/scripts/utils/index.js
FN:1,formatBytes
FNF:1
FNH:0
FNDA:0,formatBytes
DA:2,0
DA:3,0
DA:4,0
DA:5,0
DA:6,0
DA:7,0
LF:6
LH:0
BRDA:2,0,0,0
BRDA:2,0,1,0
BRDA:4,1,0,0
BRDA:4,1,1,0
BRF:4
BRH:0
end_of_record
